18:16:00.164 [main] INFO  c.y.g.YuChenGenApplication - [logStarting,55] - Starting YuChenGenApplication on YuChen with PID 18000 (D:\Files\JavaProject\yuchen-generator\target\classes started by yuche in D:\Files\JavaProject\yuchen-generator)
18:16:00.173 [main] INFO  c.y.g.YuChenGenApplication - [logStartupProfileInfo,651] - No active profile set, falling back to default profiles: default
18:16:00.938 [main] INFO  o.a.c.h.Http11NioProtocol - [log,173] - Initializing ProtocolHandler ["http-nio-8080"]
18:16:00.939 [main] INFO  o.a.c.c.StandardService - [log,173] - Starting service [Tomcat]
18:16:00.939 [main] INFO  o.a.c.c.StandardEngine - [log,173] - Starting Servlet engine: [Apache Tomcat/9.0.33]
18:16:00.940 [main] INFO  o.a.c.c.AprLifecycleListener - [log,173] - Loaded APR based Apache Tomcat Native library [1.2.24] using APR version [1.7.0].
18:16:00.940 [main] INFO  o.a.c.c.AprLifecycleListener - [log,173] - APR capabilities: IPv6 [true], sendfile [true], accept filters [false], random [true].
18:16:00.941 [main] INFO  o.a.c.c.AprLifecycleListener - [log,173] - APR/OpenSSL configuration: useAprConnector [false], useOpenSSL [true]
18:16:00.944 [main] INFO  o.a.c.c.AprLifecycleListener - [log,173] - OpenSSL successfully initialized [OpenSSL 1.1.1g  21 Apr 2020]
18:16:01.036 [main] INFO  o.a.c.c.C.[.[.[/] - [log,173] - Initializing Spring embedded WebApplicationContext
18:16:01.131 [main] INFO  o.a.c.c.StandardService - [log,173] - Stopping service [Tomcat]
18:16:56.934 [main] INFO  c.y.g.YuChenGenApplication - [logStarting,55] - Starting YuChenGenApplication on YuChen with PID 7388 (D:\Files\JavaProject\yuchen-generator\target\classes started by yuche in D:\Files\JavaProject\yuchen-generator)
18:16:56.937 [main] INFO  c.y.g.YuChenGenApplication - [logStartupProfileInfo,651] - No active profile set, falling back to default profiles: default
18:16:57.692 [main] INFO  o.a.c.h.Http11NioProtocol - [log,173] - Initializing ProtocolHandler ["http-nio-8080"]
18:16:57.692 [main] INFO  o.a.c.c.StandardService - [log,173] - Starting service [Tomcat]
18:16:57.692 [main] INFO  o.a.c.c.StandardEngine - [log,173] - Starting Servlet engine: [Apache Tomcat/9.0.33]
18:16:57.693 [main] INFO  o.a.c.c.AprLifecycleListener - [log,173] - Loaded APR based Apache Tomcat Native library [1.2.24] using APR version [1.7.0].
18:16:57.694 [main] INFO  o.a.c.c.AprLifecycleListener - [log,173] - APR capabilities: IPv6 [true], sendfile [true], accept filters [false], random [true].
18:16:57.694 [main] INFO  o.a.c.c.AprLifecycleListener - [log,173] - APR/OpenSSL configuration: useAprConnector [false], useOpenSSL [true]
18:16:57.696 [main] INFO  o.a.c.c.AprLifecycleListener - [log,173] - OpenSSL successfully initialized [OpenSSL 1.1.1g  21 Apr 2020]
18:16:57.758 [main] INFO  o.a.c.c.C.[.[.[/] - [log,173] - Initializing Spring embedded WebApplicationContext
18:16:57.799 [main] INFO  o.a.c.c.StandardService - [log,173] - Stopping service [Tomcat]
18:19:59.479 [main] INFO  c.y.g.YuChenGenApplication - [logStarting,55] - Starting YuChenGenApplication on YuChen with PID 17356 (D:\Files\JavaProject\yuchen-generator\target\classes started by yuche in D:\Files\JavaProject\yuchen-generator)
18:19:59.484 [main] INFO  c.y.g.YuChenGenApplication - [logStartupProfileInfo,651] - No active profile set, falling back to default profiles: default
18:20:00.308 [main] INFO  o.a.c.h.Http11NioProtocol - [log,173] - Initializing ProtocolHandler ["http-nio-8080"]
18:20:00.309 [main] INFO  o.a.c.c.StandardService - [log,173] - Starting service [Tomcat]
18:20:00.309 [main] INFO  o.a.c.c.StandardEngine - [log,173] - Starting Servlet engine: [Apache Tomcat/9.0.33]
18:20:00.310 [main] INFO  o.a.c.c.AprLifecycleListener - [log,173] - Loaded APR based Apache Tomcat Native library [1.2.24] using APR version [1.7.0].
18:20:00.310 [main] INFO  o.a.c.c.AprLifecycleListener - [log,173] - APR capabilities: IPv6 [true], sendfile [true], accept filters [false], random [true].
18:20:00.310 [main] INFO  o.a.c.c.AprLifecycleListener - [log,173] - APR/OpenSSL configuration: useAprConnector [false], useOpenSSL [true]
18:20:00.313 [main] INFO  o.a.c.c.AprLifecycleListener - [log,173] - OpenSSL successfully initialized [OpenSSL 1.1.1g  21 Apr 2020]
18:20:00.378 [main] INFO  o.a.c.c.C.[.[.[/] - [log,173] - Initializing Spring embedded WebApplicationContext
18:20:00.556 [main] INFO  o.a.c.c.StandardService - [log,173] - Stopping service [Tomcat]
18:22:02.041 [main] INFO  c.y.g.YuChenGenApplication - [logStarting,55] - Starting YuChenGenApplication on YuChen with PID 9320 (D:\Files\JavaProject\yuchen-generator\target\classes started by yuche in D:\Files\JavaProject\yuchen-generator)
18:22:02.045 [main] INFO  c.y.g.YuChenGenApplication - [logStartupProfileInfo,651] - No active profile set, falling back to default profiles: default
18:22:02.866 [main] INFO  o.a.c.h.Http11NioProtocol - [log,173] - Initializing ProtocolHandler ["http-nio-8080"]
18:22:02.866 [main] INFO  o.a.c.c.StandardService - [log,173] - Starting service [Tomcat]
18:22:02.866 [main] INFO  o.a.c.c.StandardEngine - [log,173] - Starting Servlet engine: [Apache Tomcat/9.0.33]
18:22:02.867 [main] INFO  o.a.c.c.AprLifecycleListener - [log,173] - Loaded APR based Apache Tomcat Native library [1.2.24] using APR version [1.7.0].
18:22:02.868 [main] INFO  o.a.c.c.AprLifecycleListener - [log,173] - APR capabilities: IPv6 [true], sendfile [true], accept filters [false], random [true].
18:22:02.868 [main] INFO  o.a.c.c.AprLifecycleListener - [log,173] - APR/OpenSSL configuration: useAprConnector [false], useOpenSSL [true]
18:22:02.870 [main] INFO  o.a.c.c.AprLifecycleListener - [log,173] - OpenSSL successfully initialized [OpenSSL 1.1.1g  21 Apr 2020]
18:22:02.942 [main] INFO  o.a.c.c.C.[.[.[/] - [log,173] - Initializing Spring embedded WebApplicationContext
18:22:03.089 [main] INFO  o.a.c.c.StandardService - [log,173] - Stopping service [Tomcat]
18:22:28.856 [main] INFO  c.y.g.YuChenGenApplication - [logStarting,55] - Starting YuChenGenApplication on YuChen with PID 14012 (D:\Files\JavaProject\yuchen-generator\target\classes started by yuche in D:\Files\JavaProject\yuchen-generator)
18:22:28.861 [main] INFO  c.y.g.YuChenGenApplication - [logStartupProfileInfo,651] - No active profile set, falling back to default profiles: default
18:22:30.589 [main] INFO  o.a.c.h.Http11NioProtocol - [log,173] - Initializing ProtocolHandler ["http-nio-8080"]
18:22:30.590 [main] INFO  o.a.c.c.StandardService - [log,173] - Starting service [Tomcat]
18:22:30.590 [main] INFO  o.a.c.c.StandardEngine - [log,173] - Starting Servlet engine: [Apache Tomcat/9.0.33]
18:22:30.592 [main] INFO  o.a.c.c.AprLifecycleListener - [log,173] - Loaded APR based Apache Tomcat Native library [1.2.24] using APR version [1.7.0].
18:22:30.593 [main] INFO  o.a.c.c.AprLifecycleListener - [log,173] - APR capabilities: IPv6 [true], sendfile [true], accept filters [false], random [true].
18:22:30.593 [main] INFO  o.a.c.c.AprLifecycleListener - [log,173] - APR/OpenSSL configuration: useAprConnector [false], useOpenSSL [true]
18:22:30.598 [main] INFO  o.a.c.c.AprLifecycleListener - [log,173] - OpenSSL successfully initialized [OpenSSL 1.1.1g  21 Apr 2020]
18:22:30.737 [main] INFO  o.a.c.c.C.[.[.[/] - [log,173] - Initializing Spring embedded WebApplicationContext
18:22:31.079 [main] INFO  o.a.c.c.StandardService - [log,173] - Stopping service [Tomcat]
18:25:46.380 [main] INFO  c.y.g.YuChenGenApplication - [logStarting,55] - Starting YuChenGenApplication on YuChen with PID 8180 (D:\Files\JavaProject\yuchen-generator\target\classes started by yuche in D:\Files\JavaProject\yuchen-generator)
18:25:46.384 [main] INFO  c.y.g.YuChenGenApplication - [logStartupProfileInfo,651] - No active profile set, falling back to default profiles: default
18:25:47.215 [main] INFO  o.a.c.h.Http11NioProtocol - [log,173] - Initializing ProtocolHandler ["http-nio-8080"]
18:25:47.215 [main] INFO  o.a.c.c.StandardService - [log,173] - Starting service [Tomcat]
18:25:47.216 [main] INFO  o.a.c.c.StandardEngine - [log,173] - Starting Servlet engine: [Apache Tomcat/9.0.33]
18:25:47.217 [main] INFO  o.a.c.c.AprLifecycleListener - [log,173] - Loaded APR based Apache Tomcat Native library [1.2.24] using APR version [1.7.0].
18:25:47.217 [main] INFO  o.a.c.c.AprLifecycleListener - [log,173] - APR capabilities: IPv6 [true], sendfile [true], accept filters [false], random [true].
18:25:47.217 [main] INFO  o.a.c.c.AprLifecycleListener - [log,173] - APR/OpenSSL configuration: useAprConnector [false], useOpenSSL [true]
18:25:47.220 [main] INFO  o.a.c.c.AprLifecycleListener - [log,173] - OpenSSL successfully initialized [OpenSSL 1.1.1g  21 Apr 2020]
18:25:47.289 [main] INFO  o.a.c.c.C.[.[.[/] - [log,173] - Initializing Spring embedded WebApplicationContext
18:25:47.442 [main] INFO  o.a.c.c.StandardService - [log,173] - Stopping service [Tomcat]
18:26:36.773 [main] INFO  c.y.g.YuChenGenApplication - [logStarting,55] - Starting YuChenGenApplication on YuChen with PID 8812 (D:\Files\JavaProject\yuchen-generator\target\classes started by yuche in D:\Files\JavaProject\yuchen-generator)
18:26:36.776 [main] INFO  c.y.g.YuChenGenApplication - [logStartupProfileInfo,651] - No active profile set, falling back to default profiles: default
18:26:37.582 [main] INFO  o.a.c.h.Http11NioProtocol - [log,173] - Initializing ProtocolHandler ["http-nio-8080"]
18:26:37.583 [main] INFO  o.a.c.c.StandardService - [log,173] - Starting service [Tomcat]
18:26:37.583 [main] INFO  o.a.c.c.StandardEngine - [log,173] - Starting Servlet engine: [Apache Tomcat/9.0.33]
18:26:37.584 [main] INFO  o.a.c.c.AprLifecycleListener - [log,173] - Loaded APR based Apache Tomcat Native library [1.2.24] using APR version [1.7.0].
18:26:37.585 [main] INFO  o.a.c.c.AprLifecycleListener - [log,173] - APR capabilities: IPv6 [true], sendfile [true], accept filters [false], random [true].
18:26:37.585 [main] INFO  o.a.c.c.AprLifecycleListener - [log,173] - APR/OpenSSL configuration: useAprConnector [false], useOpenSSL [true]
18:26:37.588 [main] INFO  o.a.c.c.AprLifecycleListener - [log,173] - OpenSSL successfully initialized [OpenSSL 1.1.1g  21 Apr 2020]
18:26:37.661 [main] INFO  o.a.c.c.C.[.[.[/] - [log,173] - Initializing Spring embedded WebApplicationContext
18:26:37.809 [main] INFO  o.a.c.c.StandardService - [log,173] - Stopping service [Tomcat]
18:30:58.589 [main] INFO  c.y.g.YuChenGenApplication - [logStarting,55] - Starting YuChenGenApplication on YuChen with PID 18344 (D:\Files\JavaProject\yuchen-generator\target\classes started by yuche in D:\Files\JavaProject\yuchen-generator)
18:30:58.594 [main] INFO  c.y.g.YuChenGenApplication - [logStartupProfileInfo,651] - No active profile set, falling back to default profiles: default
18:30:59.411 [main] INFO  o.a.c.h.Http11NioProtocol - [log,173] - Initializing ProtocolHandler ["http-nio-8080"]
18:30:59.411 [main] INFO  o.a.c.c.StandardService - [log,173] - Starting service [Tomcat]
18:30:59.412 [main] INFO  o.a.c.c.StandardEngine - [log,173] - Starting Servlet engine: [Apache Tomcat/9.0.33]
18:30:59.413 [main] INFO  o.a.c.c.AprLifecycleListener - [log,173] - Loaded APR based Apache Tomcat Native library [1.2.24] using APR version [1.7.0].
18:30:59.413 [main] INFO  o.a.c.c.AprLifecycleListener - [log,173] - APR capabilities: IPv6 [true], sendfile [true], accept filters [false], random [true].
18:30:59.413 [main] INFO  o.a.c.c.AprLifecycleListener - [log,173] - APR/OpenSSL configuration: useAprConnector [false], useOpenSSL [true]
18:30:59.416 [main] INFO  o.a.c.c.AprLifecycleListener - [log,173] - OpenSSL successfully initialized [OpenSSL 1.1.1g  21 Apr 2020]
18:30:59.489 [main] INFO  o.a.c.c.C.[.[.[/] - [log,173] - Initializing Spring embedded WebApplicationContext
18:30:59.646 [main] INFO  o.a.c.c.StandardService - [log,173] - Stopping service [Tomcat]
18:32:47.886 [main] INFO  c.y.g.YuChenGenApplication - [logStarting,55] - Starting YuChenGenApplication on YuChen with PID 4400 (D:\Files\JavaProject\yuchen-generator\target\classes started by yuche in D:\Files\JavaProject\yuchen-generator)
18:32:47.890 [main] INFO  c.y.g.YuChenGenApplication - [logStartupProfileInfo,651] - No active profile set, falling back to default profiles: default
18:32:48.697 [main] INFO  o.a.c.h.Http11NioProtocol - [log,173] - Initializing ProtocolHandler ["http-nio-8080"]
18:32:48.698 [main] INFO  o.a.c.c.StandardService - [log,173] - Starting service [Tomcat]
18:32:48.698 [main] INFO  o.a.c.c.StandardEngine - [log,173] - Starting Servlet engine: [Apache Tomcat/9.0.33]
18:32:48.699 [main] INFO  o.a.c.c.AprLifecycleListener - [log,173] - Loaded APR based Apache Tomcat Native library [1.2.24] using APR version [1.7.0].
18:32:48.699 [main] INFO  o.a.c.c.AprLifecycleListener - [log,173] - APR capabilities: IPv6 [true], sendfile [true], accept filters [false], random [true].
18:32:48.699 [main] INFO  o.a.c.c.AprLifecycleListener - [log,173] - APR/OpenSSL configuration: useAprConnector [false], useOpenSSL [true]
18:32:48.702 [main] INFO  o.a.c.c.AprLifecycleListener - [log,173] - OpenSSL successfully initialized [OpenSSL 1.1.1g  21 Apr 2020]
18:32:48.773 [main] INFO  o.a.c.c.C.[.[.[/] - [log,173] - Initializing Spring embedded WebApplicationContext
18:32:48.927 [main] INFO  o.a.c.c.StandardService - [log,173] - Stopping service [Tomcat]
18:35:47.458 [main] INFO  c.y.g.YuChenGenApplication - [logStarting,55] - Starting YuChenGenApplication on YuChen with PID 7456 (D:\Files\JavaProject\yuchen-generator\target\classes started by yuche in D:\Files\JavaProject\yuchen-generator)
18:35:47.462 [main] INFO  c.y.g.YuChenGenApplication - [logStartupProfileInfo,651] - No active profile set, falling back to default profiles: default
18:35:48.309 [main] INFO  o.a.c.h.Http11NioProtocol - [log,173] - Initializing ProtocolHandler ["http-nio-8080"]
18:35:48.310 [main] INFO  o.a.c.c.StandardService - [log,173] - Starting service [Tomcat]
18:35:48.311 [main] INFO  o.a.c.c.StandardEngine - [log,173] - Starting Servlet engine: [Apache Tomcat/9.0.33]
18:35:48.312 [main] INFO  o.a.c.c.AprLifecycleListener - [log,173] - Loaded APR based Apache Tomcat Native library [1.2.24] using APR version [1.7.0].
18:35:48.312 [main] INFO  o.a.c.c.AprLifecycleListener - [log,173] - APR capabilities: IPv6 [true], sendfile [true], accept filters [false], random [true].
18:35:48.313 [main] INFO  o.a.c.c.AprLifecycleListener - [log,173] - APR/OpenSSL configuration: useAprConnector [false], useOpenSSL [true]
18:35:48.318 [main] INFO  o.a.c.c.AprLifecycleListener - [log,173] - OpenSSL successfully initialized [OpenSSL 1.1.1g  21 Apr 2020]
18:35:48.392 [main] INFO  o.a.c.c.C.[.[.[/] - [log,173] - Initializing Spring embedded WebApplicationContext
18:35:48.557 [main] INFO  o.a.c.c.StandardService - [log,173] - Stopping service [Tomcat]
18:36:20.999 [main] INFO  c.y.g.YuChenGenApplication - [logStarting,55] - Starting YuChenGenApplication on YuChen with PID 16596 (D:\Files\JavaProject\yuchen-generator\target\classes started by yuche in D:\Files\JavaProject\yuchen-generator)
18:36:21.004 [main] INFO  c.y.g.YuChenGenApplication - [logStartupProfileInfo,651] - No active profile set, falling back to default profiles: default
18:36:21.806 [main] INFO  o.a.c.h.Http11NioProtocol - [log,173] - Initializing ProtocolHandler ["http-nio-8080"]
18:36:21.807 [main] INFO  o.a.c.c.StandardService - [log,173] - Starting service [Tomcat]
18:36:21.807 [main] INFO  o.a.c.c.StandardEngine - [log,173] - Starting Servlet engine: [Apache Tomcat/9.0.33]
18:36:21.808 [main] INFO  o.a.c.c.AprLifecycleListener - [log,173] - Loaded APR based Apache Tomcat Native library [1.2.24] using APR version [1.7.0].
18:36:21.808 [main] INFO  o.a.c.c.AprLifecycleListener - [log,173] - APR capabilities: IPv6 [true], sendfile [true], accept filters [false], random [true].
18:36:21.808 [main] INFO  o.a.c.c.AprLifecycleListener - [log,173] - APR/OpenSSL configuration: useAprConnector [false], useOpenSSL [true]
18:36:21.811 [main] INFO  o.a.c.c.AprLifecycleListener - [log,173] - OpenSSL successfully initialized [OpenSSL 1.1.1g  21 Apr 2020]
18:36:21.882 [main] INFO  o.a.c.c.C.[.[.[/] - [log,173] - Initializing Spring embedded WebApplicationContext
18:36:22.057 [main] INFO  o.a.c.c.StandardService - [log,173] - Stopping service [Tomcat]
18:36:52.860 [main] INFO  c.y.g.YuChenGenApplication - [logStarting,55] - Starting YuChenGenApplication on YuChen with PID 9332 (D:\Files\JavaProject\yuchen-generator\target\classes started by yuche in D:\Files\JavaProject\yuchen-generator)
18:36:52.863 [main] INFO  c.y.g.YuChenGenApplication - [logStartupProfileInfo,651] - No active profile set, falling back to default profiles: default
18:36:53.667 [main] INFO  o.a.c.h.Http11NioProtocol - [log,173] - Initializing ProtocolHandler ["http-nio-8080"]
18:36:53.668 [main] INFO  o.a.c.c.StandardService - [log,173] - Starting service [Tomcat]
18:36:53.668 [main] INFO  o.a.c.c.StandardEngine - [log,173] - Starting Servlet engine: [Apache Tomcat/9.0.33]
18:36:53.669 [main] INFO  o.a.c.c.AprLifecycleListener - [log,173] - Loaded APR based Apache Tomcat Native library [1.2.24] using APR version [1.7.0].
18:36:53.670 [main] INFO  o.a.c.c.AprLifecycleListener - [log,173] - APR capabilities: IPv6 [true], sendfile [true], accept filters [false], random [true].
18:36:53.670 [main] INFO  o.a.c.c.AprLifecycleListener - [log,173] - APR/OpenSSL configuration: useAprConnector [false], useOpenSSL [true]
18:36:53.672 [main] INFO  o.a.c.c.AprLifecycleListener - [log,173] - OpenSSL successfully initialized [OpenSSL 1.1.1g  21 Apr 2020]
18:36:53.743 [main] INFO  o.a.c.c.C.[.[.[/] - [log,173] - Initializing Spring embedded WebApplicationContext
18:36:53.950 [main] INFO  o.a.c.c.StandardService - [log,173] - Stopping service [Tomcat]
18:37:50.448 [main] INFO  c.y.g.YuChenGenApplication - [logStarting,55] - Starting YuChenGenApplication on YuChen with PID 5740 (D:\Files\JavaProject\yuchen-generator\target\classes started by yuche in D:\Files\JavaProject\yuchen-generator)
18:37:50.452 [main] INFO  c.y.g.YuChenGenApplication - [logStartupProfileInfo,651] - No active profile set, falling back to default profiles: default
18:37:51.518 [main] INFO  o.a.c.h.Http11NioProtocol - [log,173] - Initializing ProtocolHandler ["http-nio-8080"]
18:37:51.518 [main] INFO  o.a.c.c.StandardService - [log,173] - Starting service [Tomcat]
18:37:51.518 [main] INFO  o.a.c.c.StandardEngine - [log,173] - Starting Servlet engine: [Apache Tomcat/9.0.33]
18:37:51.519 [main] INFO  o.a.c.c.AprLifecycleListener - [log,173] - Loaded APR based Apache Tomcat Native library [1.2.24] using APR version [1.7.0].
18:37:51.520 [main] INFO  o.a.c.c.AprLifecycleListener - [log,173] - APR capabilities: IPv6 [true], sendfile [true], accept filters [false], random [true].
18:37:51.520 [main] INFO  o.a.c.c.AprLifecycleListener - [log,173] - APR/OpenSSL configuration: useAprConnector [false], useOpenSSL [true]
18:37:51.522 [main] INFO  o.a.c.c.AprLifecycleListener - [log,173] - OpenSSL successfully initialized [OpenSSL 1.1.1g  21 Apr 2020]
18:37:51.602 [main] INFO  o.a.c.c.C.[.[.[/] - [log,173] - Initializing Spring embedded WebApplicationContext
18:37:52.455 [main] INFO  o.a.c.h.Http11NioProtocol - [log,173] - Starting ProtocolHandler ["http-nio-8080"]
18:37:52.475 [main] INFO  c.y.g.YuChenGenApplication - [logStarted,61] - Started YuChenGenApplication in 2.379 seconds (JVM running for 3.187)
