09:31:46.402 [main] INFO  c.y.g.TestMapper - [logStarting,55] - Starting TestMapper on YuChen with PID 8760 (started by yuche in D:\Files\JavaProject\yuchen-generator)
09:31:46.408 [main] INFO  c.y.g.TestMapper - [logStartupProfileInfo,651] - No active profile set, falling back to default profiles: default
09:31:50.381 [main] INFO  c.y.g.TestMapper - [logStarted,61] - Started TestMapper in 4.446 seconds (JVM running for 6.337)
09:31:50.721 [main] INFO  c.z.h.HikariDataSource - [getConnection,110] - HikariPool-1 - Starting...
09:31:50.973 [main] INFO  c.z.h.HikariDataSource - [getConnection,123] - HikariPool-1 - Start completed.
09:31:51.153 [SpringContextShutdownHook] INFO  c.z.h.HikariDataSource - [close,350] - HikariPool-1 - Shutdown initiated...
09:31:51.170 [SpringContextShutdownHook] INFO  c.z.h.HikariDataSource - [close,352] - HikariPool-1 - Shutdown completed.
09:35:59.842 [main] INFO  c.y.g.TestMapper - [logStarting,55] - Starting TestMapper on YuChen with PID 15840 (started by yuche in D:\Files\JavaProject\yuchen-generator)
09:35:59.848 [main] INFO  c.y.g.TestMapper - [logStartupProfileInfo,651] - No active profile set, falling back to default profiles: default
09:36:03.302 [main] INFO  c.y.g.TestMapper - [logStarted,61] - Started TestMapper in 3.885 seconds (JVM running for 5.342)
09:36:03.624 [main] INFO  c.z.h.HikariDataSource - [getConnection,110] - HikariPool-1 - Starting...
09:36:03.851 [main] INFO  c.z.h.HikariDataSource - [getConnection,123] - HikariPool-1 - Start completed.
09:36:04.030 [SpringContextShutdownHook] INFO  c.z.h.HikariDataSource - [close,350] - HikariPool-1 - Shutdown initiated...
09:36:04.046 [SpringContextShutdownHook] INFO  c.z.h.HikariDataSource - [close,352] - HikariPool-1 - Shutdown completed.
09:38:03.281 [main] INFO  c.y.g.TestMapper - [logStarting,55] - Starting TestMapper on YuChen with PID 11160 (started by yuche in D:\Files\JavaProject\yuchen-generator)
09:38:03.287 [main] INFO  c.y.g.TestMapper - [logStartupProfileInfo,651] - No active profile set, falling back to default profiles: default
09:38:06.826 [main] INFO  c.y.g.TestMapper - [logStarted,61] - Started TestMapper in 3.982 seconds (JVM running for 7.194)
09:38:07.188 [main] INFO  c.z.h.HikariDataSource - [getConnection,110] - HikariPool-1 - Starting...
09:38:07.487 [main] INFO  c.z.h.HikariDataSource - [getConnection,123] - HikariPool-1 - Start completed.
09:40:23.889 [SpringContextShutdownHook] INFO  c.z.h.HikariDataSource - [close,350] - HikariPool-1 - Shutdown initiated...
09:40:24.131 [SpringContextShutdownHook] INFO  c.z.h.HikariDataSource - [close,352] - HikariPool-1 - Shutdown completed.
09:41:04.165 [main] INFO  c.y.g.TestMapper - [logStarting,55] - Starting TestMapper on YuChen with PID 19052 (started by yuche in D:\Files\JavaProject\yuchen-generator)
09:41:04.172 [main] INFO  c.y.g.TestMapper - [logStartupProfileInfo,651] - No active profile set, falling back to default profiles: default
09:41:07.911 [main] INFO  c.y.g.TestMapper - [logStarted,61] - Started TestMapper in 4.221 seconds (JVM running for 5.859)
09:41:08.288 [main] INFO  c.z.h.HikariDataSource - [getConnection,110] - HikariPool-1 - Starting...
09:41:08.737 [main] INFO  c.z.h.HikariDataSource - [getConnection,123] - HikariPool-1 - Start completed.
09:42:53.880 [SpringContextShutdownHook] INFO  c.z.h.HikariDataSource - [close,350] - HikariPool-1 - Shutdown initiated...
09:42:53.896 [SpringContextShutdownHook] INFO  c.z.h.HikariDataSource - [close,352] - HikariPool-1 - Shutdown completed.
09:46:16.846 [main] INFO  c.y.g.TestMapper - [logStarting,55] - Starting TestMapper on YuChen with PID 16296 (started by yuche in D:\Files\JavaProject\yuchen-generator)
09:46:16.852 [main] INFO  c.y.g.TestMapper - [logStartupProfileInfo,651] - No active profile set, falling back to default profiles: default
09:46:20.310 [main] INFO  c.y.g.TestMapper - [logStarted,61] - Started TestMapper in 3.927 seconds (JVM running for 5.706)
09:46:20.701 [main] INFO  c.z.h.HikariDataSource - [getConnection,110] - HikariPool-1 - Starting...
09:46:20.883 [main] INFO  c.z.h.HikariDataSource - [getConnection,123] - HikariPool-1 - Start completed.
09:46:21.038 [SpringContextShutdownHook] INFO  c.z.h.HikariDataSource - [close,350] - HikariPool-1 - Shutdown initiated...
09:46:21.055 [SpringContextShutdownHook] INFO  c.z.h.HikariDataSource - [close,352] - HikariPool-1 - Shutdown completed.
09:49:55.968 [main] INFO  c.y.g.TestMapper - [logStarting,55] - Starting TestMapper on YuChen with PID 9784 (started by yuche in D:\Files\JavaProject\yuchen-generator)
09:49:55.973 [main] INFO  c.y.g.TestMapper - [logStartupProfileInfo,651] - No active profile set, falling back to default profiles: default
09:49:59.266 [main] INFO  c.y.g.TestMapper - [logStarted,61] - Started TestMapper in 3.727 seconds (JVM running for 5.454)
09:49:59.584 [main] INFO  c.z.h.HikariDataSource - [getConnection,110] - HikariPool-1 - Starting...
09:49:59.769 [main] INFO  c.z.h.HikariDataSource - [getConnection,123] - HikariPool-1 - Start completed.
09:49:59.916 [SpringContextShutdownHook] INFO  c.z.h.HikariDataSource - [close,350] - HikariPool-1 - Shutdown initiated...
09:49:59.932 [SpringContextShutdownHook] INFO  c.z.h.HikariDataSource - [close,352] - HikariPool-1 - Shutdown completed.
09:50:23.290 [main] INFO  c.y.g.TestMapper - [logStarting,55] - Starting TestMapper on YuChen with PID 16708 (started by yuche in D:\Files\JavaProject\yuchen-generator)
09:50:23.299 [main] INFO  c.y.g.TestMapper - [logStartupProfileInfo,651] - No active profile set, falling back to default profiles: default
09:50:26.645 [main] INFO  c.y.g.TestMapper - [logStarted,61] - Started TestMapper in 3.792 seconds (JVM running for 5.417)
09:50:26.987 [main] INFO  c.z.h.HikariDataSource - [getConnection,110] - HikariPool-1 - Starting...
09:50:27.186 [main] INFO  c.z.h.HikariDataSource - [getConnection,123] - HikariPool-1 - Start completed.
09:50:27.360 [SpringContextShutdownHook] INFO  c.z.h.HikariDataSource - [close,350] - HikariPool-1 - Shutdown initiated...
09:50:27.376 [SpringContextShutdownHook] INFO  c.z.h.HikariDataSource - [close,352] - HikariPool-1 - Shutdown completed.
09:50:57.953 [main] INFO  c.y.g.TestMapper - [logStarting,55] - Starting TestMapper on YuChen with PID 16160 (started by yuche in D:\Files\JavaProject\yuchen-generator)
09:50:57.960 [main] INFO  c.y.g.TestMapper - [logStartupProfileInfo,651] - No active profile set, falling back to default profiles: default
09:51:01.624 [main] INFO  c.y.g.TestMapper - [logStarted,61] - Started TestMapper in 4.211 seconds (JVM running for 5.975)
09:51:02.011 [main] INFO  c.z.h.HikariDataSource - [getConnection,110] - HikariPool-1 - Starting...
09:51:02.279 [main] INFO  c.z.h.HikariDataSource - [getConnection,123] - HikariPool-1 - Start completed.
09:51:02.504 [SpringContextShutdownHook] INFO  c.z.h.HikariDataSource - [close,350] - HikariPool-1 - Shutdown initiated...
09:51:02.526 [SpringContextShutdownHook] INFO  c.z.h.HikariDataSource - [close,352] - HikariPool-1 - Shutdown completed.
10:00:12.702 [main] INFO  c.y.g.TestMapper - [logStarting,55] - Starting TestMapper on YuChen with PID 6016 (started by yuche in D:\Files\JavaProject\yuchen-generator)
10:00:12.708 [main] INFO  c.y.g.TestMapper - [logStartupProfileInfo,651] - No active profile set, falling back to default profiles: default
10:00:15.985 [main] INFO  c.y.g.TestMapper - [logStarted,61] - Started TestMapper in 3.742 seconds (JVM running for 5.26)
10:00:16.342 [main] INFO  c.z.h.HikariDataSource - [getConnection,110] - HikariPool-1 - Starting...
10:00:16.562 [main] INFO  c.z.h.HikariDataSource - [getConnection,123] - HikariPool-1 - Start completed.
10:21:55.701 [main] INFO  c.y.g.TestMapper - [logStarting,55] - Starting TestMapper on YuChen with PID 15120 (started by yuche in D:\Files\JavaProject\yuchen-generator)
10:21:55.707 [main] INFO  c.y.g.TestMapper - [logStartupProfileInfo,651] - No active profile set, falling back to default profiles: default
10:21:59.360 [main] INFO  c.y.g.TestMapper - [logStarted,61] - Started TestMapper in 4.047 seconds (JVM running for 5.346)
10:21:59.719 [main] INFO  c.z.h.HikariDataSource - [getConnection,110] - HikariPool-1 - Starting...
10:22:00.020 [main] INFO  c.z.h.HikariDataSource - [getConnection,123] - HikariPool-1 - Start completed.
10:22:29.446 [SpringContextShutdownHook] INFO  c.z.h.HikariDataSource - [close,350] - HikariPool-1 - Shutdown initiated...
10:22:29.458 [SpringContextShutdownHook] INFO  c.z.h.HikariDataSource - [close,352] - HikariPool-1 - Shutdown completed.
10:24:35.379 [main] INFO  c.y.g.TestMapper - [logStarting,55] - Starting TestMapper on YuChen with PID 12736 (started by yuche in D:\Files\JavaProject\yuchen-generator)
10:24:35.383 [main] INFO  c.y.g.TestMapper - [logStartupProfileInfo,651] - No active profile set, falling back to default profiles: default
10:24:38.708 [main] INFO  c.y.g.TestMapper - [logStarted,61] - Started TestMapper in 3.684 seconds (JVM running for 5.003)
10:24:39.131 [main] INFO  c.z.h.HikariDataSource - [getConnection,110] - HikariPool-1 - Starting...
10:24:39.374 [main] INFO  c.z.h.HikariDataSource - [getConnection,123] - HikariPool-1 - Start completed.
10:24:40.118 [SpringContextShutdownHook] INFO  c.z.h.HikariDataSource - [close,350] - HikariPool-1 - Shutdown initiated...
10:24:40.133 [SpringContextShutdownHook] INFO  c.z.h.HikariDataSource - [close,352] - HikariPool-1 - Shutdown completed.
10:27:26.481 [main] INFO  c.y.g.TestMapper - [logStarting,55] - Starting TestMapper on YuChen with PID 7716 (started by yuche in D:\Files\JavaProject\yuchen-generator)
10:27:26.487 [main] INFO  c.y.g.TestMapper - [logStartupProfileInfo,651] - No active profile set, falling back to default profiles: default
10:27:31.032 [main] INFO  c.y.g.TestMapper - [logStarted,61] - Started TestMapper in 4.94 seconds (JVM running for 5.955)
10:27:31.325 [main] INFO  c.z.h.HikariDataSource - [getConnection,110] - HikariPool-1 - Starting...
10:27:31.501 [main] INFO  c.z.h.HikariDataSource - [getConnection,123] - HikariPool-1 - Start completed.
10:27:31.949 [SpringContextShutdownHook] INFO  c.z.h.HikariDataSource - [close,350] - HikariPool-1 - Shutdown initiated...
10:27:31.980 [SpringContextShutdownHook] INFO  c.z.h.HikariDataSource - [close,352] - HikariPool-1 - Shutdown completed.
10:27:32.033 [SpringContextShutdownHook] INFO  c.z.h.HikariDataSource - [close,350] - HikariPool-1 - Shutdown initiated...
10:27:32.259 [SpringContextShutdownHook] INFO  c.z.h.HikariDataSource - [close,352] - HikariPool-1 - Shutdown completed.
10:27:37.066 [main] INFO  c.y.g.TestMapper - [logStarting,55] - Starting TestMapper on YuChen with PID 14432 (started by yuche in D:\Files\JavaProject\yuchen-generator)
10:27:37.071 [main] INFO  c.y.g.TestMapper - [logStartupProfileInfo,651] - No active profile set, falling back to default profiles: default
10:27:40.067 [main] INFO  c.y.g.TestMapper - [logStarted,61] - Started TestMapper in 3.37 seconds (JVM running for 4.747)
10:27:40.315 [main] INFO  c.z.h.HikariDataSource - [getConnection,110] - HikariPool-1 - Starting...
10:27:40.530 [main] INFO  c.z.h.HikariDataSource - [getConnection,123] - HikariPool-1 - Start completed.
10:27:41.438 [SpringContextShutdownHook] INFO  c.z.h.HikariDataSource - [close,350] - HikariPool-1 - Shutdown initiated...
10:27:41.450 [SpringContextShutdownHook] INFO  c.z.h.HikariDataSource - [close,352] - HikariPool-1 - Shutdown completed.
10:28:12.357 [main] INFO  c.y.g.TestMapper - [logStarting,55] - Starting TestMapper on YuChen with PID 17884 (started by yuche in D:\Files\JavaProject\yuchen-generator)
10:28:12.362 [main] INFO  c.y.g.TestMapper - [logStartupProfileInfo,651] - No active profile set, falling back to default profiles: default
10:28:15.031 [main] INFO  c.y.g.TestMapper - [logStarted,61] - Started TestMapper in 3.054 seconds (JVM running for 4.285)
10:28:15.259 [main] INFO  c.z.h.HikariDataSource - [getConnection,110] - HikariPool-1 - Starting...
10:28:15.436 [main] INFO  c.z.h.HikariDataSource - [getConnection,123] - HikariPool-1 - Start completed.
10:28:15.741 [SpringContextShutdownHook] INFO  c.z.h.HikariDataSource - [close,350] - HikariPool-1 - Shutdown initiated...
10:28:15.755 [SpringContextShutdownHook] INFO  c.z.h.HikariDataSource - [close,352] - HikariPool-1 - Shutdown completed.
10:38:57.781 [main] INFO  c.y.g.TestMapper - [logStarting,55] - Starting TestMapper on YuChen with PID 17612 (started by yuche in D:\Files\JavaProject\yuchen-generator)
10:38:57.789 [main] INFO  c.y.g.TestMapper - [logStartupProfileInfo,651] - No active profile set, falling back to default profiles: default
10:39:01.127 [main] INFO  c.y.g.TestMapper - [logStarted,61] - Started TestMapper in 3.797 seconds (JVM running for 5.384)
10:39:01.452 [main] INFO  c.z.h.HikariDataSource - [getConnection,110] - HikariPool-1 - Starting...
10:39:01.694 [main] INFO  c.z.h.HikariDataSource - [getConnection,123] - HikariPool-1 - Start completed.
10:39:33.596 [SpringContextShutdownHook] INFO  c.z.h.HikariDataSource - [close,350] - HikariPool-1 - Shutdown initiated...
10:39:33.617 [SpringContextShutdownHook] INFO  c.z.h.HikariDataSource - [close,352] - HikariPool-1 - Shutdown completed.
